sample.interval=20000
"get" "getExportedValue" "::" "formals" "as.list" ".rs.getHelpFromObject" ".rs.getHelpFunction" "<Anonymous>" 
"writeLines" "writeLinesUTF8" "of0" "Rd2HTML" "<Anonymous>" ".rs.getHelp" ".rs.getHelpFromObject" ".rs.getHelpFunction" "<Anonymous>" 
"vapply" "urlify" "paste0" "writeLink" "writeBlock" "writeContent" "writeWrapped" "writeBlock" "writeContent" "writeSection" "Rd2HTML" "<Anonymous>" ".rs.getHelp" ".rs.getHelpFromObject" ".rs.getHelpFunction" "<Anonymous>" 
"parent.frame" "do.call" "doTryCatch" "tryCatchOne" "tryCatchList" "tryCatch" ".rs.getHelpFromObject" ".rs.getHelpFunction" "<Anonymous>" 
"get" "getExportedValue" "::" "do.call" "doTryCatch" "tryCatchOne" "tryCatchList" "tryCatch" ".rs.getHelpFromObject" ".rs.getHelpFunction" "<Anonymous>" 
"::" "formals" "as.list" ".rs.getHelpFromObject" ".rs.getHelpFunction" "<Anonymous>" 
"htmlify" "isBlankLineRd" "addParaBreaks" "writeLines" "writeLinesUTF8" "of1" "writeBlock" "writeContent" "writeContent" "writeSection" "Rd2HTML" "<Anonymous>" ".rs.getHelp" ".rs.getHelpFromObject" ".rs.getHelpFunction" "<Anonymous>" 
"grep" "ls" "FUN" "lapply" ".rs.objectsOnSearchPath" ".rs.getCompletionsSearchPath" "Reduce" "<Anonymous>" 
"ls" "FUN" "lapply" ".rs.objectsOnSearchPath" ".rs.getCompletionsSearchPath" "Reduce" "<Anonymous>" 
"strsplit" "summaryRprof" 
"scan" "read.table" "read.csv" "best" 
"scan" "read.table" "read.csv" "best" 
"scan" "read.table" "read.csv" "best" 
"scan" "read.table" "read.csv" "best" 
"scan" "read.table" "read.csv" "best" 
"scan" "read.table" "read.csv" "best" 
"scan" "read.table" "read.csv" "best" 
"scan" "read.table" "read.csv" "best" 
"scan" "read.table" "read.csv" "best" 
"scan" "read.table" "read.csv" "best" 
"scan" "read.table" "read.csv" "best" 
"scan" "read.table" "read.csv" "best" 
"scan" "read.table" "read.csv" "best" 
"scan" "read.table" "read.csv" "best" 
"scan" "read.table" "read.csv" "best" 
"scan" "read.table" "read.csv" "best" 
"scan" "read.table" "read.csv" "best" 
"scan" "read.table" "read.csv" "best" 
"scan" "read.table" "read.csv" "best" 
"scan" "read.table" "read.csv" "best" 
"scan" "read.table" "read.csv" "best" 
"scan" "read.table" "read.csv" "best" 
"scan" "read.table" "read.csv" "best" 
"scan" "read.table" "read.csv" "best" 
"scan" "read.table" "read.csv" "best" 
"scan" "read.table" "read.csv" "best" 
"scan" "read.table" "read.csv" "best" 
"scan" "read.table" "read.csv" "best" 
"scan" "read.table" "read.csv" "best" 
"scan" "read.table" "read.csv" "best" 
"scan" "read.table" "read.csv" "best" 
"scan" "read.table" "read.csv" "best" 
"scan" "read.table" "read.csv" "best" 
"scan" "read.table" "read.csv" "best" 
"scan" "read.table" "read.csv" "best" 
"scan" "read.table" "read.csv" "best" 
"scan" "read.table" "read.csv" "best" 
"scan" "read.table" "read.csv" "best" 
"scan" "read.table" "read.csv" "best" 
"scan" "read.table" "read.csv" "best" 
"scan" "read.table" "read.csv" "rankHospital" 
"scan" "read.table" "read.csv" "rankHospital" 
"scan" "read.table" "read.csv" "rankHospital" 
"scan" "read.table" "read.csv" "rankHospital" 
"scan" "read.table" "read.csv" "rankHospital" 
"scan" "read.table" "read.csv" "rankHospital" 
"scan" "read.table" "read.csv" "rankHospital" 
"scan" "read.table" "read.csv" "rankHospital" 
"scan" "read.table" "read.csv" "rankHospital" 
"scan" "read.table" "read.csv" "rankHospital" 
"scan" "read.table" "read.csv" "rankHospital" 
"scan" "read.table" "read.csv" "rankHospital" 
"scan" "read.table" "read.csv" "rankHospital" 
"scan" "read.table" "read.csv" "rankHospital" 
"scan" "read.table" "read.csv" "rankHospital" 
"scan" "read.table" "read.csv" "rankHospital" 
"scan" "read.table" "read.csv" "rankHospital" 
"scan" "read.table" "read.csv" "rankHospital" 
"scan" "read.table" "read.csv" "rankHospital" 
"sort.int" "sort.default" "sort" "which" "[.data.frame" "[" "rankHospital" 
"scan" "read.table" "read.csv" "rankHospital" 
"scan" "read.table" "read.csv" "rankHospital" 
"scan" "read.table" "read.csv" "rankHospital" 
"scan" "read.table" "read.csv" "rankHospital" 
"scan" "read.table" "read.csv" "rankHospital" 
"scan" "read.table" "read.csv" "rankHospital" 
"scan" "read.table" "read.csv" "rankHospital" 
"scan" "read.table" "read.csv" "rankHospital" 
"scan" "read.table" "read.csv" "rankHospital" 
"scan" "read.table" "read.csv" "rankHospital" 
"scan" "read.table" "read.csv" "rankHospital" 
"scan" "read.table" "read.csv" "rankHospital" 
"scan" "read.table" "read.csv" "rankHospital" 
"scan" "read.table" "read.csv" "rankHospital" 
"scan" "read.table" "read.csv" "rankHospital" 
"scan" "read.table" "read.csv" "rankHospital" 
"scan" "read.table" "read.csv" "rankHospital" 
"scan" "read.table" "read.csv" "rankHospital" 
"scan" "read.table" "read.csv" "rankHospital" 
"scan" "read.table" "read.csv" "rankHospital" 
"print.default" "print" "print.data.frame" "<Anonymous>" 
"scan" "read.table" "read.csv" "rankHospital" 
"scan" "read.table" "read.csv" "rankHospital" 
"scan" "read.table" "read.csv" "rankHospital" 
"scan" "read.table" "read.csv" "rankHospital" 
"scan" "read.table" "read.csv" "rankHospital" 
"scan" "read.table" "read.csv" "rankHospital" 
"scan" "read.table" "read.csv" "rankHospital" 
"scan" "read.table" "read.csv" "rankHospital" 
"scan" "read.table" "read.csv" "rankHospital" 
"scan" "read.table" "read.csv" "rankHospital" 
"scan" "read.table" "read.csv" "rankHospital" 
"scan" "read.table" "read.csv" "rankHospital" 
"scan" "read.table" "read.csv" "rankHospital" 
"scan" "read.table" "read.csv" "rankHospital" 
"scan" "read.table" "read.csv" "rankHospital" 
"scan" "read.table" "read.csv" "rankHospital" 
"scan" "read.table" "read.csv" "rankHospital" 
"scan" "read.table" "read.csv" "rankHospital" 
"scan" "read.table" "read.csv" "rankHospital" 
"scan" "read.table" "read.csv" "rankHospital" 
"save" "save.image" "sys.save.image" 
"save" "save.image" "sys.save.image" 
"save" "save.image" "sys.save.image" 
"save" "save.image" "sys.save.image" 
"save" "save.image" "sys.save.image" 
"save" "save.image" "sys.save.image" 
